<?xml version="1.0" encoding="UTF-8"?>
<!-- Generated by org.testng.reporters.JUnitReportReporter -->
<testsuite hostname="DESKTOP-FOTJODL" failures="0" tests="2" name="javaScriptExecutor.JavaScriptEx" time="0.197" errors="0" timestamp="2025-05-22T18:58:43 IST" skipped="0">
  <testcase classname="javaScriptExecutor.JavaScriptEx" name="action" time="0.149"/>
  <testcase classname="javaScriptExecutor.JavaScriptEx" name="scrollPage" time="0.048"/>
</testsuite> <!-- javaScriptExecutor.JavaScriptEx -->
