<?xml version="1.0" encoding="UTF-8"?>
<!-- Generated by org.testng.reporters.JUnitReportReporter -->
<testsuite hostname="DESKTOP-FOTJODL" failures="0" tests="2" name="testNG_Annotations.DataProviderTest" time="15.219" errors="0" timestamp="2025-05-23T11:25:43 IST" skipped="0">
  <testcase classname="testNG_Annotations.DataProviderTest" name="loginCases" time="4.794"/>
  <testcase classname="testNG_Annotations.DataProviderTest" name="loginCases" time="10.425"/>
</testsuite> <!-- testNG_Annotations.DataProviderTest -->
