<?xml version="1.0" encoding="UTF-8"?>
<!-- Generated by org.testng.reporters.JUnitReportReporter -->
<testsuite hostname="DESKTOP-FOTJODL" failures="0" tests="2" name="testNG_Annotations.DataProviderTest" time="16.893" errors="0" timestamp="2025-05-23T10:20:40 IST" skipped="0">
  <testcase classname="testNG_Annotations.DataProviderTest" name="loginCases" time="6.694"/>
  <testcase classname="testNG_Annotations.DataProviderTest" name="loginCases" time="10.199"/>
</testsuite> <!-- testNG_Annotations.DataProviderTest -->
