<?xml version="1.0" encoding="UTF-8"?>
<!-- Generated by org.testng.reporters.JUnitReportReporter -->
<testsuite hostname="DESKTOP-FOTJODL" failures="0" tests="3" name="zExamples.WebTest" time="2.028" errors="0" timestamp="2025-05-29T14:07:08 IST" skipped="0">
  <testcase classname="zExamples.WebTest" name="login" time="0.422"/>
  <testcase classname="zExamples.WebTest" name="login" time="1.331"/>
  <testcase classname="zExamples.WebTest" name="login" time="0.275"/>
</testsuite> <!-- zExamples.WebTest -->
