<?xml version="1.0" encoding="UTF-8"?>
<!-- Generated by org.testng.reporters.JUnitReportReporter -->
<testsuite hostname="DESKTOP-FOTJODL" failures="0" tests="5" name="testSwag.LoginTest" time="2.918" errors="0" timestamp="2025-05-16T16:18:11 IST" skipped="0">
  <testcase classname="testSwag.LoginTest" name="launchBrowser" time="0.546"/>
  <testcase classname="testSwag.LoginTest" name="username" time="0.270"/>
  <testcase classname="testSwag.LoginTest" name="password" time="0.184"/>
  <testcase classname="testSwag.LoginTest" name="loginButton" time="1.794"/>
  <testcase classname="testSwag.LoginTest" name="checkLoginSuccess" time="0.124"/>
</testsuite> <!-- testSwag.LoginTest -->
