<?xml version="1.0" encoding="UTF-8"?>
<!-- Generated by org.testng.reporters.JUnitReportReporter -->
<testsuite hostname="DESKTOP-FOTJODL" failures="0" tests="2" name="screenShotsTest.CaptureShreenshots" time="0.404" errors="0" timestamp="2025-05-23T11:02:17 IST" skipped="0">
  <testcase classname="screenShotsTest.CaptureShreenshots" name="fullCaptureScreen" time="0.256"/>
  <testcase classname="screenShotsTest.CaptureShreenshots" name="specificWeb" time="0.148"/>
</testsuite> <!-- screenShotsTest.CaptureShreenshots -->
