<?xml version="1.0" encoding="UTF-8"?>
<!-- Generated by org.testng.reporters.JUnitReportReporter -->
<testsuite hostname="DESKTOP-FOTJODL" failures="0" tests="2" name="testNG_Annotations.DataProviderTest" time="23.114" errors="0" timestamp="2025-05-29T13:30:31 IST" skipped="0">
  <testcase classname="testNG_Annotations.DataProviderTest" name="loginCases" time="10.687"/>
  <testcase classname="testNG_Annotations.DataProviderTest" name="loginCases" time="12.427"/>
</testsuite> <!-- testNG_Annotations.DataProviderTest -->
