<?xml version="1.0" encoding="UTF-8"?>
<!-- Generated by org.testng.reporters.JUnitReportReporter -->
<testsuite hostname="DESKTOP-FOTJODL" failures="0" tests="2" name="brokenLinks.BrokenLinks" time="32.888" errors="0" timestamp="2025-06-16T11:49:39 IST" skipped="0">
  <testcase classname="brokenLinks.BrokenLinks" name="brokenLinks" time="26.043"/>
  <testcase classname="brokenLinks.BrokenLinks" name="setUp" time="6.845"/>
</testsuite> <!-- brokenLinks.BrokenLinks -->
