<?xml version="1.0" encoding="UTF-8"?>
<!-- Generated by org.testng.reporters.JUnitReportReporter -->
<testsuite hostname="DESKTOP-FOTJODL" failures="0" tests="1" name="testCases.LoginTest" time="4.389" errors="0" timestamp="2025-05-18T15:54:12 IST" skipped="0">
  <testcase classname="testCases.LoginTest" name="verifyLoginWithValidCredentials" time="4.389"/>
</testsuite> <!-- testCases.LoginTest -->
